Arguments: 
  C:\Program Files\nodejs\node.exe C:\Users\mitch\AppData\Roaming\npm\node_modules\yarn\bin\yarn.js install

PATH: 
  C:\Program Files\Eclipse Adoptium\jdk-8.0.332.9-hotspot\bin;C:\Program Files (x86)\Common Files\Oracle\Java\javapath;C:\Windows\system32;C:\Windows;C:\Windows\System32\Wbem;C:\Windows\System32\WindowsPowerShell\v1.0\;C:\Windows\System32\OpenSSH\;C:\ProgramData\nvm;C:\Program Files\nodejs;C:\Program Files\dotnet\;C:\Program Files\Multipass\bin;C:\Program Files\Git\cmd;C:\ProgramData\chocolatey\bin;C:\Program Files\nodejs\;"C:\Program Files (x86)\Yarn\bin\; OR C:\Users\Songa\AppData\Local\Yarn\bin\;";C:\Program Files\Microsoft SQL Server\150\Tools\Binn\;C:\Program Files\Microsoft SQL Server\Client SDK\ODBC\170\Tools\Binn\;C:\Users\mitch\AppData\Local\Microsoft\WindowsApps;C:\Users\mitch\AppData\Local\Programs\Microsoft VS Code\bin;C:\ProgramData\nvm;C:\Program Files\nodejs;C:\Program Files\nodejs\;C:\Users\mitch\AppData\Roaming\npm;C:\Users\mitch\.dotnet\tools;"C:\Program Files (x86)\Yarn\bin\; OR C:\Users\Songa\AppData\Local\Yarn\bin\;";

Yarn version: 
  1.22.18

Node version: 
  16.15.0

Platform: 
  win32 x64

Trace: 
  Error: https://registry.ishop.africa/@jest%2ftypes: no such package available
      at Request.params.callback [as _callback] (C:\Users\mitch\AppData\Roaming\npm\node_modules\yarn\lib\cli.js:66138:18)
      at Request.self.callback (C:\Users\mitch\AppData\Roaming\npm\node_modules\yarn\lib\cli.js:140883:22)
      at Request.emit (node:events:527:28)
      at Request.<anonymous> (C:\Users\mitch\AppData\Roaming\npm\node_modules\yarn\lib\cli.js:141855:10)
      at Request.emit (node:events:527:28)
      at IncomingMessage.<anonymous> (C:\Users\mitch\AppData\Roaming\npm\node_modules\yarn\lib\cli.js:141777:12)
      at Object.onceWrapper (node:events:641:28)
      at IncomingMessage.emit (node:events:539:35)
      at endReadableNT (node:internal/streams/readable:1345:12)
      at processTicksAndRejections (node:internal/process/task_queues:83:21)

npm manifest: 
  {
    "name": "iacrypt",
    "version": "0.0.1",
    "main": ".public/index.js",
    "repository": {
      "url": "git@github.com:ishop.africa/iacrypt.git",
      "type": "git"
    },
    "keywords": [
      "ishop Africa",
      "e-commerce",
      "crypto",
      "secure",
      "security",
      "updates",
      "shop africa"
    ],
    "author": "Mitch Chanza <mitch.chanza@gmail.com>",
    "license": "MIT",
    "homepage": "https://sdk.ishop.africa/iacrypt ",
    "types": ".public/index.d.ts",
    "scripts": {
      "build": "tsc",
      "test": "jest --coverage",
      "version": "npm version patch -m 'Upgrade to %s for reasons'"
    },
    "files": [
      "/.public"
    ],
    "publishConfig": {
      "registry": "https://registry.ishop.africa/"
    },
    "devDependencies": {
      "@jest/types": "^28.1.0",
      "@types/jest": "^28.1.1",
      "@types/node": "^17.0.40",
      "@types/typescript": "^2.0.0",
      "jest": "^28.1.0",
      "ts-jest": "^28.0.4",
      "ts-node": "^10.8.1",
      "typescript": "^4.7.3"
    },
    "packageManager": "yarn@1.22.19",
    "yarn": {
      "args": [
        "ignore-engines"
      ]
    }
  }

yarn manifest: 
  No manifest

Lockfile: 
  No lockfile
